生成启动时间为 2019-6-6 14:19:16。
     1>项目“F:\VcProj\SvrSytem2\SvrSytem\SvrSytem.vcxproj”在节点 2 上(build 个目标)。
     1>InitializeBuildStatus:
         正在创建“Debug\SvrSytem.unsuccessfulbuild”，因为已指定“AlwaysCreate”。
       ClCompile:
         所有输出均为最新。
         C:\Program Files (x86)\Microsoft Visual Studio 10.0\VC\bin\CL.exe /c /ZI /nologo /W3 /WX- /Od /Oy- /D WIN32 /D _WINDOWS /D _DEBUG /D _MBCS /D _AFXDLL /Gm /EHsc /RTC1 /MD /GS /fp:precise /Zc:wchar_t /Zc:forScope /Yu"StdAfx.h" /Fp"Debug\SvrSytem.pch" /Fo"Debug\\" /Fd"Debug\vc100.pdb" /Gd /TP /analyze- /errorReport:prompt ModbusSvr.cpp
         ModbusSvr.cpp
     1>f:\vcproj\svrsytem2\svrsytem\modbussvr.cpp(42): warning C4101: “ex”: 未引用的局部变量
     1>f:\vcproj\svrsytem2\svrsytem\modbussvr.cpp(66): warning C4101: “ex”: 未引用的局部变量
       ResourceCompile:
         所有输出均为最新。
       Link:
         C:\Program Files (x86)\Microsoft Visual Studio 10.0\VC\bin\link.exe /ERRORREPORT:PROMPT /OUT:"F:\VcProj\SvrSytem2\Debug\SvrSytem.exe" /INCREMENTAL /NOLOGO ATMCD32M.lib /MANIFEST /ManifestFile:"Debug\SvrSytem.exe.intermediate.manifest" /MANIFESTUAC:"level='asInvoker' uiAccess='false'" /DEBUG /PDB:"F:\VcProj\SvrSytem2\Debug\SvrSytem.pdb" /SUBSYSTEM:WINDOWS /TLBID:1 /DYNAMICBASE /NXCOMPAT /IMPLIB:"F:\VcProj\SvrSytem2\Debug\SvrSytem.lib" /MACHINE:X86 Debug\SvrSytem.res
         Debug\CsvFileHelper.obj
         Debug\DataStore.obj
         Debug\LogFileHelper.obj
         Debug\ModbusSvr.obj
         Debug\Newton.obj
         Debug\PowerBd.obj
         Debug\SerialPort.obj
         Debug\stdafx.obj
         Debug\SvrSytem.obj
         Debug\SvrSytemDlg.obj
         SvrSytem.vcxproj -> F:\VcProj\SvrSytem2\Debug\SvrSytem.exe
       Manifest:
         C:\Program Files (x86)\Microsoft SDKs\Windows\v7.0A\bin\mt.exe /nologo /verbose /out:"F:\VcProj\SvrSytem2\Debug\SvrSytem.exe.manifest" /manifest Debug\SvrSytem.exe.intermediate.manifest "C:\Program Files (x86)\Microsoft Visual Studio 10.0\VC\Include\Manifest\dpiaware.manifest"
       FinalizeBuildStatus:
         正在删除文件“Debug\SvrSytem.unsuccessfulbuild”。
         正在对“Debug\SvrSytem.lastbuildstate”执行 Touch 任务。
     1>已完成生成项目“F:\VcProj\SvrSytem2\SvrSytem\SvrSytem.vcxproj”(build 个目标)的操作。

生成成功。

已用时间 00:00:00.62
