13:52:20,00000,0,0,0,0,0,0,0,0,0,0
13:52:21,01000,4738,22,225,697,0,0,0,0,0,0
13:52:23,01000,4738,24,225,696,0,0,0,0,0,0
13:52:25,01000,4740,22,225,696,0,0,0,0,0,0
13:52:27,01000,4740,23,226,695,0,0,0,0,0,0
13:52:29,01000,4741,22,226,695,0,0,0,0,0,0
13:52:31,01000,4742,21,226,694,0,0,0,0,0,0
13:52:33,01000,4743,22,226,694,0,0,0,0,0,0
13:52:35,01000,4744,21,226,693,0,0,0,0,0,0
13:52:37,01000,4744,23,227,692,0,0,0,0,0,0
13:52:39,01000,4745,25,227,692,0,0,0,0,0,0
13:52:41,01000,4746,24,227,691,0,0,0,0,0,0
13:52:43,01000,4746,22,228,690,0,0,0,0,0,0
13:52:45,01000,4748,22,228,689,0,0,0,0,0,0
13:52:47,01000,4748,24,228,688,0,0,0,0,0,0
13:52:49,01000,4749,22,229,687,0,0,0,0,0,0
13:52:51,01000,4750,23,229,686,0,0,0,0,0,0
13:52:53,01000,4750,22,229,685,0,0,0,0,0,0
13:52:55,01000,4751,23,229,685,0,0,0,0,0,0
13:52:57,01000,4751,22,230,686,0,0,0,0,0,0
13:52:59,01000,4752,22,230,685,0,0,0,0,0,0
13:53:01,01000,4752,22,230,684,0,0,0,0,0,0
13:53:03,01000,4753,22,231,682,0,0,0,0,0,0
13:53:05,01000,4753,22,231,681,0,0,0,0,0,0
13:53:07,01000,4754,22,231,680,0,0,0,0,0,0
13:53:09,01000,4754,22,231,679,0,0,0,0,0,0
13:53:11,01000,4755,22,232,679,0,0,0,0,0,0
13:53:13,01000,4755,23,232,680,0,0,0,0,0,0
13:53:15,01000,4756,22,233,683,0,0,0,0,0,0
13:53:17,01000,4756,22,233,685,0,0,0,0,0,0
13:53:21,01000,4757,22,233,683,0,0,0,0,0,0
13:53:23,01000,4757,22,234,681,0,0,0,0,0,0
13:53:25,01000,4757,23,234,679,0,0,0,0,0,0
13:53:27,01000,4758,23,235,677,0,0,0,0,0,0
13:53:29,01000,4759,22,235,675,0,0,0,0,0,0
13:53:31,01000,4761,22,235,673,0,0,0,0,0,0
13:53:33,01000,4761,23,236,672,0,0,0,0,0,0
13:53:35,01000,4762,22,236,670,0,0,0,0,0,0
13:53:37,01000,4763,22,236,670,0,0,0,0,0,0
13:53:39,01000,4763,22,237,670,0,0,0,0,0,0
13:53:41,01000,4764,22,237,670,0,0,0,0,0,0
13:53:43,01000,4765,22,238,669,0,0,0,0,0,0
13:53:45,01000,4766,22,238,668,0,0,0,0,0,0
13:53:47,01000,4766,22,238,667,0,0,0,0,0,0
13:53:49,01000,4766,22,239,665,0,0,0,0,0,0
13:53:51,01000,4767,22,239,663,0,0,0,0,0,0
13:53:53,01000,4767,22,240,662,0,0,0,0,0,0
13:53:55,01000,4767,22,240,660,0,0,0,0,0,0
13:53:57,01000,4768,22,240,659,0,0,0,0,0,0
13:53:59,01000,4768,22,240,658,0,0,0,0,0,0
13:54:01,01000,4769,22,241,657,0,0,0,0,0,0
13:54:03,01000,4769,22,242,656,0,0,0,0,0,0
13:54:05,01000,4770,22,242,655,0,0,0,0,0,0
13:54:07,01000,4770,22,242,653,0,0,0,0,0,0
13:54:09,01000,4770,22,243,652,0,0,0,0,0,0
13:54:11,01000,4770,22,243,651,0,0,0,0,0,0
13:54:13,01000,4771,22,243,650,0,0,0,0,0,0
13:54:15,01000,4770,22,244,649,0,0,0,0,0,0
13:54:17,01000,4771,22,244,648,0,0,0,0,0,0
13:54:19,01000,4772,22,244,647,0,0,0,0,0,0
13:54:21,01000,4772,22,245,646,0,0,0,0,0,0
13:54:23,01000,4773,22,245,645,0,0,0,0,0,0
13:54:27,01000,4773,22,246,644,0,0,0,0,0,0
13:54:29,01000,4773,22,246,643,0,0,0,0,0,0
13:54:31,01000,4774,22,247,643,0,0,0,0,0,0
13:54:33,01000,4774,22,247,642,0,0,0,0,0,0
13:54:35,01000,4775,22,247,641,0,0,0,0,0,0
13:54:37,01000,4775,22,248,640,0,0,0,0,0,0
13:54:39,01000,4776,22,248,639,0,0,0,0,0,0
13:54:41,01000,4776,22,248,638,0,0,0,0,0,0
13:54:43,01000,4776,22,248,637,0,0,0,0,0,0
13:54:45,01000,4776,22,249,636,0,0,0,0,0,0
13:54:47,01000,4777,22,249,635,0,0,0,0,0,0
13:54:49,01000,4777,22,249,632,0,0,0,0,0,0
13:54:51,01000,4777,22,249,631,0,0,0,0,0,0
13:54:53,01000,4777,22,250,630,0,0,0,0,0,0
13:54:55,01000,4778,22,250,629,0,0,0,0,0,0
13:54:57,01000,4778,23,251,628,0,0,0,0,0,0
13:54:59,01000,4779,22,251,627,0,0,0,0,0,0
13:55:01,01000,4779,22,251,626,0,0,0,0,0,0
13:55:03,01000,4779,22,252,625,0,0,0,0,0,0
13:55:05,01000,4780,22,252,624,0,0,0,0,0,0
13:55:07,01000,4779,22,252,623,0,0,0,0,0,0
13:55:09,01000,4780,22,253,623,0,0,0,0,0,0
13:55:11,01000,4780,22,253,622,0,0,0,0,0,0
13:55:13,01000,4781,22,253,622,0,0,0,0,0,0
13:55:15,01000,4781,22,254,621,0,0,0,0,0,0
13:55:19,01000,4782,22,254,619,0,0,0,0,0,0
13:55:21,01000,4782,22,255,619,0,0,0,0,0,0
13:55:23,01000,4782,22,255,618,0,0,0,0,0,0
13:55:25,01000,4783,22,255,617,0,0,0,0,0,0
13:55:27,01000,4783,22,255,616,0,0,0,0,0,0
13:55:29,01000,4783,22,256,615,0,0,0,0,0,0
13:55:31,01000,4783,22,256,614,0,0,0,0,0,0
13:55:35,01000,4784,22,256,614,0,0,0,0,0,0
13:55:37,01000,4784,22,256,613,0,0,0,0,0,0
13:55:39,01000,4784,22,257,613,0,0,0,0,0,0
13:55:43,01000,4784,22,257,612,0,0,0,0,0,0
13:55:45,01000,4785,22,258,612,0,0,0,0,0,0
13:55:49,01000,4785,22,258,611,0,0,0,0,0,0
13:55:51,01000,4785,22,259,610,0,0,0,0,0,0
13:55:53,01000,4786,22,259,609,0,0,0,0,0,0
13:55:57,01000,4785,22,260,608,0,0,0,0,0,0
13:55:59,01000,4786,22,260,608,0,0,0,0,0,0
13:56:01,01000,4786,22,260,607,0,0,0,0,0,0
13:56:03,01000,4786,22,260,606,0,0,0,0,0,0
13:56:05,01000,4786,22,261,606,0,0,0,0,0,0
13:56:07,01000,4786,22,261,605,0,0,0,0,0,0
13:56:11,01000,4787,22,262,604,0,0,0,0,0,0
13:56:13,01000,4787,22,262,603,0,0,0,0,0,0
13:56:15,01000,4787,22,262,602,0,0,0,0,0,0
13:56:19,01000,4787,22,263,601,0,0,0,0,0,0
13:56:21,01000,4787,22,263,600,0,0,0,0,0,0
13:56:23,01000,4787,22,263,599,0,0,0,0,0,0
13:56:25,01000,4787,22,264,598,0,0,0,0,0,0
13:56:29,01000,4788,22,264,597,0,0,0,0,0,0
13:56:31,01000,4788,22,264,596,0,0,0,0,0,0
13:56:33,01000,4788,22,265,596,0,0,0,0,0,0
13:56:35,01000,4788,22,265,595,0,0,0,0,0,0
13:56:37,01000,4788,22,265,594,0,0,0,0,0,0
13:56:41,01000,4788,22,266,593,0,0,0,0,0,0
13:56:47,01000,4789,22,266,593,0,0,0,0,0,0
13:56:49,01000,4789,22,266,594,0,0,0,0,0,0
13:56:51,01000,4789,22,267,594,0,0,0,0,0,0
13:56:53,01000,4789,22,267,593,0,0,0,0,0,0
13:56:57,01000,4789,22,267,592,0,0,0,0,0,0
13:57:01,01000,4789,22,268,591,0,0,0,0,0,0
13:57:03,01000,4789,22,268,590,0,0,0,0,0,0
13:57:05,01000,4790,22,268,588,0,0,0,0,0,0
13:57:07,01000,4790,22,268,587,0,0,0,0,0,0
13:57:11,01000,4790,22,269,586,0,0,0,0,0,0
13:57:13,01000,4790,22,269,585,0,0,0,0,0,0
13:57:17,01000,4790,22,270,585,0,0,0,0,0,0
13:57:19,01000,4790,23,270,585,0,0,0,0,0,0
13:57:21,01000,4790,22,270,586,0,0,0,0,0,0
13:57:23,01000,4790,22,270,587,0,0,0,0,0,0
13:57:25,01000,4790,22,270,586,0,0,0,0,0,0
13:57:29,01000,4790,22,271,584,0,0,0,0,0,0
13:57:33,01000,4791,22,271,583,0,0,0,0,0,0
13:57:35,01000,4792,22,271,582,0,0,0,0,0,0
13:57:37,01000,4791,22,272,581,0,0,0,0,0,0
13:57:39,01000,4791,23,272,580,0,0,0,0,0,0
13:57:41,01000,4792,23,272,580,0,0,0,0,0,0
13:57:43,01000,4792,22,273,579,0,0,0,0,0,0
13:57:45,01000,4792,23,273,578,0,0,0,0,0,0
13:57:47,01000,4792,22,273,578,0,0,0,0,0,0
13:57:51,01000,4792,22,273,577,0,0,0,0,0,0
13:57:53,01000,4792,23,273,578,0,0,0,0,0,0
13:57:55,01000,4793,23,274,578,0,0,0,0,0,0
13:57:57,01000,4793,22,274,577,0,0,0,0,0,0
13:57:59,01000,4793,23,274,576,0,0,0,0,0,0
13:58:01,01000,4794,23,274,575,0,0,0,0,0,0
13:58:05,01000,4793,23,274,574,0,0,0,0,0,0
13:58:09,01000,4794,23,274,573,0,0,0,0,0,0
13:58:11,01000,4794,22,275,573,0,0,0,0,0,0
13:58:13,01000,4793,22,275,572,0,0,0,0,0,0
13:58:17,01000,4793,23,275,573,0,0,0,0,0,0
13:58:21,01000,4794,23,275,573,0,0,0,0,0,0
13:58:23,01000,4793,22,275,573,0,0,0,0,0,0
13:58:27,01000,4794,23,275,573,0,0,0,0,0,0
13:58:29,01000,4793,22,275,572,0,0,0,0,0,0
13:58:31,01000,4794,22,275,572,0,0,0,0,0,0
13:58:33,01000,4793,22,276,572,0,0,0,0,0,0
13:58:35,01000,4793,23,275,572,0,0,0,0,0,0
13:58:37,01000,4793,22,276,572,0,0,0,0,0,0
13:58:39,01000,4794,22,276,572,0,0,0,0,0,0
13:58:41,01000,4793,22,276,571,0,0,0,0,0,0
13:58:47,01000,4794,23,276,570,0,0,0,0,0,0
13:58:49,01000,4794,22,277,570,0,0,0,0,0,0
13:58:55,01000,4794,23,277,570,0,0,0,0,0,0
13:58:57,01000,4794,22,277,570,0,0,0,0,0,0
13:58:59,01000,4794,22,277,569,0,0,0,0,0,0
13:59:01,01000,4794,22,277,568,0,0,0,0,0,0
13:59:05,01000,4794,22,277,567,0,0,0,0,0,0
13:59:07,01000,4795,22,277,567,0,0,0,0,0,0
13:59:09,01000,4794,22,278,566,0,0,0,0,0,0
13:59:11,01000,4794,22,278,565,0,0,0,0,0,0
13:59:13,01000,4795,22,278,565,0,0,0,0,0,0
13:59:15,01000,4794,23,278,564,0,0,0,0,0,0
13:59:17,01000,4794,22,278,564,0,0,0,0,0,0
13:59:19,01000,4795,22,278,563,0,0,0,0,0,0
13:59:21,01000,4795,23,279,563,0,0,0,0,0,0
13:59:27,01000,4795,22,279,563,0,0,0,0,0,0
13:59:29,01000,4795,23,279,562,0,0,0,0,0,0
13:59:31,01000,4795,22,279,562,0,0,0,0,0,0
13:59:35,01000,4795,22,280,562,0,0,0,0,0,0
13:59:37,01000,4795,22,280,561,0,0,0,0,0,0
13:59:39,01000,4796,22,280,561,0,0,0,0,0,0
13:59:43,01000,4796,23,280,560,0,0,0,0,0,0
13:59:45,01000,4796,23,280,559,0,0,0,0,0,0
13:59:49,01000,4797,23,281,558,0,0,0,0,0,0
13:59:51,01000,4796,23,281,557,0,0,0,0,0,0
13:59:53,01000,4797,23,281,557,0,0,0,0,0,0
13:59:59,01000,4797,22,281,556,0,0,0,0,0,0
14:00:01,01000,4797,23,281,556,0,0,0,0,0,0
14:00:07,01000,4797,23,282,556,0,0,0,0,0,0
14:00:09,01000,4797,23,281,556,0,0,0,0,0,0
14:00:11,01000,4797,23,282,556,0,0,0,0,0,0
14:00:17,01000,4798,23,282,555,0,0,0,0,0,0
14:00:19,01000,4797,23,282,555,0,0,0,0,0,0
14:00:25,01000,4797,23,283,554,0,0,0,0,0,0
14:00:33,01000,4798,23,283,553,0,0,0,0,0,0
14:00:35,01000,4797,23,283,553,0,0,0,0,0,0
14:00:37,01000,4798,23,283,553,0,0,0,0,0,0
14:00:41,01000,4798,23,283,552,0,0,0,0,0,0
14:00:43,01000,4798,22,284,552,0,0,0,0,0,0
14:00:45,01000,4798,23,284,552,0,0,0,0,0,0
14:00:47,01000,4797,22,284,551,0,0,0,0,0,0
14:00:49,01000,4798,23,284,551,0,0,0,0,0,0
14:00:51,01000,4798,23,284,550,0,0,0,0,0,0
14:00:53,01000,4797,23,284,550,0,0,0,0,0,0
14:00:55,01000,4797,23,284,549,0,0,0,0,0,0
14:00:57,01000,4798,23,284,548,0,0,0,0,0,0
14:00:59,01000,4798,23,285,547,0,0,0,0,0,0
14:01:01,01000,4798,22,285,547,0,0,0,0,0,0
14:01:03,01000,4798,23,285,546,0,0,0,0,0,0
14:01:05,01000,4799,23,285,545,0,0,0,0,0,0
14:01:07,01000,4798,23,285,545,0,0,0,0,0,0
14:01:09,01000,4799,23,285,545,0,0,0,0,0,0
14:01:11,01000,4798,23,285,546,0,0,0,0,0,0
14:01:13,01000,4799,23,285,548,0,0,0,0,0,0
14:01:15,01000,4798,22,285,549,0,0,0,0,0,0
14:01:17,01000,4798,23,285,549,0,0,0,0,0,0
14:01:21,01000,4799,22,285,548,0,0,0,0,0,0
14:01:23,01000,4799,22,285,547,0,0,0,0,0,0
14:01:25,01000,4799,22,286,546,0,0,0,0,0,0
14:01:27,01000,4798,22,286,545,0,0,0,0,0,0
14:01:29,01000,4798,22,286,544,0,0,0,0,0,0
14:01:33,01000,4800,23,286,543,0,0,0,0,0,0
14:01:35,01000,4799,23,286,542,0,0,0,0,0,0
14:01:37,01000,4798,23,286,542,0,0,0,0,0,0
14:01:39,01000,4800,23,286,542,0,0,0,0,0,0
14:01:41,01000,4799,23,286,542,0,0,0,0,0,0
14:01:45,01000,4799,22,286,543,0,0,0,0,0,0
14:01:47,01000,4799,23,286,543,0,0,0,0,0,0
14:01:49,01000,4799,23,286,542,0,0,0,0,0,0
14:01:51,01000,4799,22,287,542,0,0,0,0,0,0
14:01:53,01000,4799,23,286,542,0,0,0,0,0,0
14:01:55,01000,4800,23,287,543,0,0,0,0,0,0
14:01:59,01000,4800,23,287,542,0,0,0,0,0,0
14:02:01,01000,4799,23,287,542,0,0,0,0,0,0
14:02:03,01000,4800,23,287,541,0,0,0,0,0,0
14:02:05,01000,4799,23,287,541,0,0,0,0,0,0
14:02:07,01000,4800,23,287,541,0,0,0,0,0,0
14:02:09,01000,4800,23,287,540,0,0,0,0,0,0
14:02:13,01000,4800,24,287,540,0,0,0,0,0,0
14:02:15,01000,4800,23,287,540,0,0,0,0,0,0
14:02:17,01000,4800,23,287,541,0,0,0,0,0,0
14:02:19,01000,4801,24,287,541,0,0,0,0,0,0
14:02:21,01000,4801,23,287,541,0,0,0,0,0,0
14:02:23,01000,4800,23,287,541,0,0,0,0,0,0
14:02:25,01000,4800,23,286,541,0,0,0,0,0,0
14:02:27,01000,4800,23,286,542,0,0,0,0,0,0
14:02:29,01000,4801,23,287,542,0,0,0,0,0,0
14:02:31,01000,4800,23,286,541,0,0,0,0,0,0
14:02:33,01000,4800,23,287,541,0,0,0,0,0,0
14:02:41,01000,4800,22,287,541,0,0,0,0,0,0
14:02:43,01000,4800,23,287,541,0,0,0,0,0,0
14:02:45,01000,4800,23,287,542,0,0,0,0,0,0
14:02:47,01000,4800,22,287,542,0,0,0,0,0,0
14:02:49,01000,4800,23,287,541,0,0,0,0,0,0
14:02:51,01000,4801,23,287,542,0,0,0,0,0,0
14:02:53,01000,4800,23,287,542,0,0,0,0,0,0
14:02:55,01000,4801,23,287,542,0,0,0,0,0,0
14:02:59,01000,4800,23,287,542,0,0,0,0,0,0
14:03:01,01000,4801,23,288,541,0,0,0,0,0,0
14:03:03,01000,4801,23,287,540,0,0,0,0,0,0
14:03:05,01000,4801,23,288,540,0,0,0,0,0,0
14:03:07,01000,4801,23,288,539,0,0,0,0,0,0
14:03:09,01000,4800,23,288,539,0,0,0,0,0,0
14:03:11,01000,4801,24,288,539,0,0,0,0,0,0
14:03:13,01000,4801,23,288,539,0,0,0,0,0,0
14:03:15,01000,4801,23,288,538,0,0,0,0,0,0
14:03:21,01000,4801,23,288,537,0,0,0,0,0,0
14:03:29,01000,4801,23,288,538,0,0,0,0,0,0
14:03:31,01000,4802,23,288,540,0,0,0,0,0,0
14:03:33,01000,4802,23,289,542,0,0,0,0,0,0
14:03:35,01000,4801,23,289,543,0,0,0,0,0,0
14:03:37,01000,4802,23,289,544,0,0,0,0,0,0
14:03:39,01000,4802,23,289,543,0,0,0,0,0,0
14:03:41,01000,4802,23,289,542,0,0,0,0,0,0
14:03:43,01000,4802,23,289,541,0,0,0,0,0,0
14:03:45,01000,4802,23,289,540,0,0,0,0,0,0
14:03:47,01000,4802,23,290,540,0,0,0,0,0,0
14:03:49,01000,4802,23,290,539,0,0,0,0,0,0
14:03:53,01000,4802,23,290,538,0,0,0,0,0,0
14:03:57,01000,4802,23,291,538,0,0,0,0,0,0
14:03:59,01000,4802,23,290,537,0,0,0,0,0,0
14:04:01,01000,4802,23,291,537,0,0,0,0,0,0
14:04:03,01000,4802,23,291,536,0,0,0,0,0,0
14:04:07,01000,4802,23,291,535,0,0,0,0,0,0
14:04:11,01000,4802,23,291,534,0,0,0,0,0,0
14:04:13,01000,4803,23,291,534,0,0,0,0,0,0
14:04:15,01000,4802,23,291,533,0,0,0,0,0,0
14:04:17,01000,4803,23,292,533,0,0,0,0,0,0
14:04:19,01000,4803,23,291,532,0,0,0,0,0,0
14:04:23,01000,4802,23,292,531,0,0,0,0,0,0
14:04:25,01000,4803,23,292,531,0,0,0,0,0,0
14:04:27,01000,4802,23,292,531,0,0,0,0,0,0
14:04:29,01000,4803,23,292,531,0,0,0,0,0,0
14:04:30,01000,4803,23,292,531,0,0,0,0,0,0
14:04:35,01000,4803,23,292,530,0,0,0,0,0,0
14:04:39,01000,4803,23,293,529,0,0,0,0,0,0
14:04:43,01000,4803,23,292,529,0,0,0,0,0,0
14:04:45,01000,4803,23,293,528,0,0,0,0,0,0
14:04:51,01000,4804,23,293,528,0,0,0,0,0,0
14:05:01,01000,4804,23,292,528,0,0,0,0,0,0
14:05:03,01000,4804,23,292,529,0,0,0,0,0,0
14:05:05,01000,4804,23,292,528,0,0,0,0,0,0
14:05:11,01000,4804,23,293,528,0,0,0,0,0,0
14:05:13,01000,4804,23,292,529,0,0,0,0,0,0
14:05:15,01000,4804,23,293,528,0,0,0,0,0,0
14:05:21,01000,4804,23,293,527,0,0,0,0,0,0
14:05:23,01000,4804,23,293,528,0,0,0,0,0,0
14:05:25,01000,4804,23,293,527,0,0,0,0,0,0
14:05:41,01000,4804,23,294,527,0,0,0,0,0,0
14:05:43,01000,4804,23,293,527,0,0,0,0,0,0
14:05:45,01000,4804,23,294,526,0,0,0,0,0,0
14:05:49,01000,4805,23,294,526,0,0,0,0,0,0
14:05:51,01000,4804,23,294,526,0,0,0,0,0,0
14:05:57,01000,4805,23,294,526,0,0,0,0,0,0
14:06:01,01000,4805,23,294,525,0,0,0,0,0,0
14:06:03,01000,4805,23,295,525,0,0,0,0,0,0
14:06:07,01000,4805,23,295,524,0,0,0,0,0,0
14:06:11,01000,4805,24,295,524,0,0,0,0,0,0
14:06:13,01000,4805,23,295,524,0,0,0,0,0,0
14:06:17,01000,4805,24,295,523,0,0,0,0,0,0
14:06:23,01000,4805,23,296,523,0,0,0,0,0,0
14:06:29,01000,4805,23,296,522,0,0,0,0,0,0
14:06:37,01000,4805,23,296,521,0,0,0,0,0,0
14:06:57,01000,4806,23,296,520,0,0,0,0,0,0
14:06:59,01000,4805,23,296,520,0,0,0,0,0,0
14:07:01,01000,4805,23,296,519,0,0,0,0,0,0
14:07:05,01000,4805,23,296,518,0,0,0,0,0,0
14:07:19,01000,4806,23,296,519,0,0,0,0,0,0
14:07:21,01000,4805,23,296,519,0,0,0,0,0,0
14:07:29,01000,4805,23,297,519,0,0,0,0,0,0
14:07:31,01000,4806,23,297,519,0,0,0,0,0,0
14:07:33,01000,4805,23,297,519,0,0,0,0,0,0
14:07:35,01000,4805,24,297,519,0,0,0,0,0,0
14:07:39,01000,4805,24,297,520,0,0,0,0,0,0
14:07:41,01000,4805,23,297,520,0,0,0,0,0,0
14:07:43,01000,4806,23,297,520,0,0,0,0,0,0
14:07:47,01000,4806,24,297,519,0,0,0,0,0,0
14:07:49,01000,4806,23,297,519,0,0,0,0,0,0
14:07:51,01000,4806,23,298,519,0,0,0,0,0,0
14:07:55,01000,4806,24,298,518,0,0,0,0,0,0
14:08:01,01000,4806,24,298,517,0,0,0,0,0,0
14:08:03,01000,4806,23,298,517,0,0,0,0,0,0
14:08:05,01000,4807,23,298,517,0,0,0,0,0,0
14:08:11,01000,4807,24,299,517,0,0,0,0,0,0
14:08:15,01000,4806,24,299,516,0,0,0,0,0,0
14:08:17,01000,4807,23,299,516,0,0,0,0,0,0
14:08:19,01000,4807,24,299,516,0,0,0,0,0,0
14:08:23,01000,4807,23,299,516,0,0,0,0,0,0
14:08:27,01000,4807,23,299,515,0,0,0,0,0,0
14:08:33,01000,4806,23,299,515,0,0,0,0,0,0
14:08:35,01000,4807,24,299,515,0,0,0,0,0,0
14:08:39,01000,4807,23,299,516,0,0,0,0,0,0
14:08:41,01000,4806,23,299,516,0,0,0,0,0,0
14:08:43,01000,4807,23,299,516,0,0,0,0,0,0
14:08:47,01000,4807,24,299,517,0,0,0,0,0,0
14:08:49,01000,4807,24,300,517,0,0,0,0,0,0
14:08:51,01000,4807,23,300,516,0,0,0,0,0,0
14:08:53,01000,4807,24,300,516,0,0,0,0,0,0
14:08:57,01000,4807,23,300,516,0,0,0,0,0,0
14:08:59,01000,4807,24,300,515,0,0,0,0,0,0
14:09:05,01000,4806,24,300,515,0,0,0,0,0,0
14:09:07,01000,4807,24,300,515,0,0,0,0,0,0
14:09:11,01000,4807,24,300,514,0,0,0,0,0,0
14:09:19,01000,4807,24,301,513,0,0,0,0,0,0
14:09:23,01000,4807,23,301,513,0,0,0,0,0,0
14:09:27,01000,4807,24,301,513,0,0,0,0,0,0
14:09:29,01000,4807,23,301,513,0,0,0,0,0,0
14:09:31,01000,4807,24,301,512,0,0,0,0,0,0
14:09:33,01000,4807,23,301,512,0,0,0,0,0,0
14:09:35,01000,4807,24,301,512,0,0,0,0,0,0
14:09:37,01000,4807,24,301,511,0,0,0,0,0,0
14:09:39,01000,4808,24,301,511,0,0,0,0,0,0
14:09:45,01000,4807,24,301,512,0,0,0,0,0,0
14:09:47,01000,4808,24,301,512,0,0,0,0,0,0
14:09:49,01000,4807,24,301,513,0,0,0,0,0,0
14:09:51,01000,4808,24,301,513,0,0,0,0,0,0
14:09:59,01000,4807,24,301,513,0,0,0,0,0,0
14:10:01,01000,4808,24,301,513,0,0,0,0,0,0
14:10:07,01000,4808,23,301,513,0,0,0,0,0,0
14:10:09,01000,4808,23,301,512,0,0,0,0,0,0
14:10:13,01000,4808,24,301,512,0,0,0,0,0,0
14:10:15,01000,4808,24,301,511,0,0,0,0,0,0
14:10:21,01000,4808,23,301,510,0,0,0,0,0,0
14:10:25,01000,4807,23,301,510,0,0,0,0,0,0
14:10:27,01000,4808,23,301,510,0,0,0,0,0,0
14:10:31,01000,4808,24,301,510,0,0,0,0,0,0
14:10:33,01000,4808,23,301,510,0,0,0,0,0,0
14:10:39,01000,4808,24,302,510,0,0,0,0,0,0
14:10:41,01000,4807,24,302,510,0,0,0,0,0,0
14:10:43,01000,4808,24,302,510,0,0,0,0,0,0
14:10:45,01000,4808,24,302,511,0,0,0,0,0,0
14:10:49,01000,4808,23,302,512,0,0,0,0,0,0
14:10:51,01000,4808,24,302,513,0,0,0,0,0,0
14:10:53,01000,4808,23,302,512,0,0,0,0,0,0
14:10:55,01000,4808,24,302,512,0,0,0,0,0,0
14:10:57,01000,4808,23,302,512,0,0,0,0,0,0
14:10:59,01000,4808,24,302,511,0,0,0,0,0,0
14:11:07,01000,4808,23,302,511,0,0,0,0,0,0
14:11:09,01000,4808,24,302,511,0,0,0,0,0,0
14:11:11,01000,4808,24,302,510,0,0,0,0,0,0
14:11:17,01000,4808,24,303,509,0,0,0,0,0,0
14:11:19,01000,4809,24,302,509,0,0,0,0,0,0
14:11:21,01000,4808,24,303,509,0,0,0,0,0,0
14:11:25,01000,4808,24,303,508,0,0,0,0,0,0
14:11:27,01000,4809,24,303,508,0,0,0,0,0,0
14:11:35,01000,4808,23,303,507,0,0,0,0,0,0
14:11:37,01000,4809,23,303,507,0,0,0,0,0,0
14:11:41,01000,4809,24,303,507,0,0,0,0,0,0
14:11:45,01000,4809,24,304,507,0,0,0,0,0,0
14:11:47,01000,4809,24,303,507,0,0,0,0,0,0
14:11:49,01000,4809,24,304,507,0,0,0,0,0,0
14:11:53,01000,4809,24,304,506,0,0,0,0,0,0
14:11:59,01000,4808,23,304,506,0,0,0,0,0,0
14:12:01,01000,4809,24,304,505,0,0,0,0,0,0
14:12:07,01000,4808,24,304,505,0,0,0,0,0,0
14:12:09,01000,4808,23,304,505,0,0,0,0,0,0
14:12:11,01000,4809,24,304,504,0,0,0,0,0,0
14:12:17,01000,4809,24,304,505,0,0,0,0,0,0
14:12:21,01000,4809,24,304,504,0,0,0,0,0,0
14:12:25,01000,4809,23,304,504,0,0,0,0,0,0
14:12:27,01000,4809,24,304,504,0,0,0,0,0,0
14:12:29,01000,4809,23,304,503,0,0,0,0,0,0
14:12:31,01000,4809,24,304,503,0,0,0,0,0,0
14:12:39,01000,4809,23,305,503,0,0,0,0,0,0
14:12:41,01000,4809,24,305,503,0,0,0,0,0,0
14:12:49,01000,4809,24,304,502,0,0,0,0,0,0
14:12:51,01000,4809,24,305,502,0,0,0,0,0,0
14:12:53,01000,4809,23,305,502,0,0,0,0,0,0
14:12:57,01000,4809,23,304,502,0,0,0,0,0,0
14:12:59,01000,4809,24,305,502,0,0,0,0,0,0
14:13:01,01000,4809,24,304,502,0,0,0,0,0,0
14:13:05,01000,4809,24,305,502,0,0,0,0,0,0
14:13:11,01000,4809,24,304,502,0,0,0,0,0,0
14:13:13,01000,4809,24,305,502,0,0,0,0,0,0
14:13:21,01000,4809,23,305,502,0,0,0,0,0,0
14:13:23,01000,4809,23,1220,2008,0,0,0,0,0,0
14:13:25,01000,4809,24,305,502,0,0,0,0,0,0
14:13:27,01000,4809,24,305,501,0,0,0,0,0,0
14:13:43,01000,4809,24,305,502,0,0,0,0,0,0
14:13:45,01000,4809,23,305,502,0,0,0,0,0,0
14:13:49,01000,4809,24,305,502,0,0,0,0,0,0
14:13:57,01000,4809,24,305,503,0,0,0,0,0,0
14:14:13,01000,4810,24,305,503,0,0,0,0,0,0
14:14:17,01000,4810,23,305,505,0,0,0,0,0,0
14:14:19,01000,4810,24,305,506,0,0,0,0,0,0
14:14:27,01000,4810,24,305,505,0,0,0,0,0,0
14:14:29,01000,4809,24,305,504,0,0,0,0,0,0
14:14:31,01000,4810,24,305,504,0,0,0,0,0,0
14:14:37,01000,4810,23,305,503,0,0,0,0,0,0
14:14:39,01000,4809,24,305,503,0,0,0,0,0,0
14:14:41,01000,4810,24,305,503,0,0,0,0,0,0
14:14:43,01000,4809,24,305,503,0,0,0,0,0,0
14:14:45,01000,4810,24,305,502,0,0,0,0,0,0
14:14:55,01000,4810,24,306,502,0,0,0,0,0,0
14:14:57,01000,4810,24,305,502,0,0,0,0,0,0
14:15:01,01000,4810,24,305,503,0,0,0,0,0,0
14:15:03,01000,4810,24,306,503,0,0,0,0,0,0
14:15:05,01000,4810,24,305,503,0,0,0,0,0,0
14:15:07,01000,4810,24,306,503,0,0,0,0,0,0
14:15:11,01000,4810,24,305,503,0,0,0,0,0,0
14:15:13,01000,4810,24,306,502,0,0,0,0,0,0
14:15:21,01000,4810,24,305,502,0,0,0,0,0,0
14:15:23,01000,4810,24,306,502,0,0,0,0,0,0
14:15:25,01000,4810,24,306,501,0,0,0,0,0,0
14:15:35,01000,4810,24,306,500,0,0,0,0,0,0
14:15:41,01000,4810,24,306,501,0,0,0,0,0,0
14:15:43,01000,4811,24,306,501,0,0,0,0,0,0
14:15:45,01000,4810,24,306,501,0,0,0,0,0,0
14:15:47,01000,4811,24,306,502,0,0,0,0,0,0
14:15:49,01000,4810,24,306,502,0,0,0,0,0,0
14:15:51,01000,4811,24,305,502,0,0,0,0,0,0
14:15:53,01000,4811,24,306,502,0,0,0,0,0,0
14:15:59,01000,4810,24,306,502,0,0,0,0,0,0
14:16:01,01000,4811,24,306,501,0,0,0,0,0,0
14:16:03,01000,4811,24,305,501,0,0,0,0,0,0
14:16:19,01000,4811,24,305,502,0,0,0,0,0,0
14:16:21,01000,4811,24,306,502,0,0,0,0,0,0
14:16:23,01000,4811,24,305,502,0,0,0,0,0,0
14:16:27,01000,4810,24,306,502,0,0,0,0,0,0
14:16:29,01000,4811,24,306,502,0,0,0,0,0,0
14:16:45,01000,4811,24,306,503,0,0,0,0,0,0
14:17:01,01000,4811,24,306,504,0,0,0,0,0,0
14:17:03,01000,4811,24,306,503,0,0,0,0,0,0
14:17:05,01000,4811,24,306,504,0,0,0,0,0,0
14:17:07,01000,4811,24,306,503,0,0,0,0,0,0
14:17:19,01000,4811,24,306,502,0,0,0,0,0,0
14:17:29,01000,4811,24,306,503,0,0,0,0,0,0
14:17:31,01000,4812,24,306,503,0,0,0,0,0,0
14:17:33,01000,4812,24,306,504,0,0,0,0,0,0
14:17:35,01000,4811,24,306,504,0,0,0,0,0,0
14:17:41,01000,4811,24,306,503,0,0,0,0,0,0
14:17:45,01000,4811,24,306,505,0,0,0,0,0,0
14:17:47,01000,4812,24,306,506,0,0,0,0,0,0
14:17:49,01000,4812,24,306,507,0,0,0,0,0,0
14:17:51,01000,4811,26,305,506,0,0,0,0,0,0
14:17:53,01000,4811,24,305,506,0,0,0,0,0,0
14:17:59,01000,4811,24,305,505,0,0,0,0,0,0
14:18:09,01000,4811,24,305,504,0,0,0,0,0,0
14:18:11,01000,4811,24,305,505,0,0,0,0,0,0
14:18:13,01000,4811,24,305,506,0,0,0,0,0,0
14:18:17,01000,4811,24,305,509,0,0,0,0,0,0
14:18:21,01000,4811,24,305,510,0,0,0,0,0,0
14:18:25,01000,4811,24,305,509,0,0,0,0,0,0
14:18:29,01000,4811,24,305,507,0,0,0,0,0,0
14:18:31,01000,4811,24,305,506,0,0,0,0,0,0
14:18:33,01000,4812,24,305,506,0,0,0,0,0,0
14:18:35,01000,4812,24,305,507,0,0,0,0,0,0
14:18:37,01000,4811,24,306,510,0,0,0,0,0,0
14:18:39,01000,4811,25,306,512,0,0,0,0,0,0
14:18:41,01000,4811,24,306,512,0,0,0,0,0,0
14:18:43,01000,4811,24,306,511,0,0,0,0,0,0
14:18:45,01000,4811,24,306,509,0,0,0,0,0,0
14:18:49,01000,4811,24,306,510,0,0,0,0,0,0
14:18:51,01000,4812,24,306,512,0,0,0,0,0,0
14:18:53,01000,4811,24,306,512,0,0,0,0,0,0
14:18:55,01000,4811,24,306,510,0,0,0,0,0,0
14:18:57,01000,4812,24,306,509,0,0,0,0,0,0
14:19:03,01000,4811,24,306,509,0,0,0,0,0,0
14:19:05,01000,4812,24,306,509,0,0,0,0,0,0
14:19:09,01000,4812,24,306,506,0,0,0,0,0,0
14:19:13,01000,4812,24,306,505,0,0,0,0,0,0
14:19:15,01000,4811,24,307,505,0,0,0,0,0,0
14:19:17,01000,4812,24,307,504,0,0,0,0,0,0
14:19:23,01000,4812,24,307,505,0,0,0,0,0,0
14:19:25,01000,4812,24,307,504,0,0,0,0,0,0
14:19:27,01000,4812,25,307,503,0,0,0,0,0,0
14:19:29,01000,4811,24,307,503,0,0,0,0,0,0
14:19:31,01000,4812,24,307,501,0,0,0,0,0,0
14:19:35,01000,4812,24,307,500,0,0,0,0,0,0
14:19:41,01000,4812,25,308,500,0,0,0,0,0,0
14:19:43,01000,4812,24,308,499,0,0,0,0,0,0
14:19:47,01000,4811,24,308,499,0,0,0,0,0,0
14:19:49,01000,4812,24,308,499,0,0,0,0,0,0
14:19:57,01000,4811,24,308,499,0,0,0,0,0,0
14:19:59,01000,4812,24,308,499,0,0,0,0,0,0
14:20:13,01000,4812,24,308,500,0,0,0,0,0,0
14:20:21,01000,4812,24,309,500,0,0,0,0,0,0
14:20:23,01000,4812,24,308,500,0,0,0,0,0,0
14:20:25,01000,4812,24,308,501,0,0,0,0,0,0
14:20:27,01000,4812,24,309,501,0,0,0,0,0,0
14:20:29,01000,4812,24,308,501,0,0,0,0,0,0
14:20:33,01000,4812,25,616,1002,0,0,0,0,0,0
14:20:35,01000,4812,24,308,501,0,0,0,0,0,0
14:20:37,01000,4812,24,309,502,0,0,0,0,0,0
14:20:39,01000,4812,24,309,501,0,0,0,0,0,0
14:20:43,01000,4812,24,309,500,0,0,0,0,0,0
14:20:49,01000,4812,24,309,499,0,0,0,0,0,0
14:20:55,01000,4812,25,309,498,0,0,0,0,0,0
14:20:57,01000,4812,24,309,499,0,0,0,0,0,0
14:20:59,01000,4812,25,309,498,0,0,0,0,0,0
14:21:01,01000,4812,25,309,499,0,0,0,0,0,0
14:21:05,01000,4812,24,309,499,0,0,0,0,0,0
14:21:07,01000,4812,25,309,499,0,0,0,0,0,0
14:21:09,01000,4812,24,309,498,0,0,0,0,0,0
14:21:13,01000,4812,25,309,497,0,0,0,0,0,0
14:21:17,01000,4812,24,309,497,0,0,0,0,0,0
14:21:23,01000,4812,25,309,497,0,0,0,0,0,0
14:21:25,01000,4812,24,309,497,0,0,0,0,0,0
14:21:27,01000,4812,24,309,496,0,0,0,0,0,0
14:21:29,01000,4812,25,309,496,0,0,0,0,0,0
14:21:35,01000,4812,25,309,497,0,0,0,0,0,0
14:21:39,01000,4812,24,309,498,0,0,0,0,0,0
14:21:47,01000,4812,24,309,499,0,0,0,0,0,0
14:21:51,01000,4812,24,309,498,0,0,0,0,0,0
14:21:57,01000,4812,24,309,419:25:21,00000,0,0,0,0,0,0,0,0,0,0
19:25:22,01000,4744,22,231,687,0,0,0,0,0,0
19:25:24,01000,4744,23,231,686,0,0,0,0,0,0
19:25:26,01000,4745,22,231,685,0,0,0,0,0,0
19:25:28,01000,4746,23,231,685,0,0,0,0,0,0
19:25:30,01000,4747,24,231,684,0,0,0,0,0,0
19:25:32,01000,4748,22,232,683,0,0,0,0,0,0
19:25:34,01000,4748,22,232,682,0,0,0,0,0,0
19:25:36,01000,4749,22,232,682,0,0,0,0,0,0
19:25:38,01000,4750,22,232,682,0,0,0,0,0,0
19:25:40,01000,4750,23,232,682,0,0,0,0,0,0
19:25:42,01000,4750,23,233,683,0,0,0,0,0,0
19:25:44,01000,4751,23,233,682,0,0,0,0,0,0
19:25:46,01000,4752,23,233,682,0,0,0,0,0,0
19:25:48,01000,4752,24,233,681,0,0,0,0,0,0
19:25:50,01000,4753,22,233,680,0,0,0,0,0,0
19:25:52,01000,4753,24,234,679,0,0,0,0,0,0
19:25:54,01000,4754,23,234,678,0,0,0,0,0,0
19:25:56,01000,4755,22,234,677,0,0,0,0,0,0
19:25:58,01000,4755,23,235,677,0,0,0,0,0,0
19:26:00,01000,4756,23,235,677,0,0,0,0,0,0
19:26:02,01000,4755,23,235,676,0,0,0,0,0,0
19:26:04,01000,4756,23,235,675,0,0,0,0,0,0
19:28:32,00000,0,0,0,0,0,0,0,0,0,0
19:28:33,01000,4786,23,259,623,0,0,0,0,0,0
19:28:35,01000,4786,22,259,622,0,0,0,0,0,0
19:28:37,01000,4786,23,259,621,0,0,0,0,0,0
19:28:39,01000,4786,23,260,620,0,0,0,0,0,0
19:28:41,01000,4787,23,260,620,0,0,0,0,0,0
19:28:43,01000,4787,22,260,620,0,0,0,0,1,0
19:28:45,11101,4764,45,261,620,0,0,0,0,1,0
19:28:47,11111,4686,57,261,618,0,0,0,0,1,0
19:28:49,11111,4688,54,261,616,0,0,0,0,1,0
19:28:51,11111,4688,55,261,614,0,0,0,0,1,0
19:28:53,11111,4689,55,262,613,0,0,0,0,1,0
19:28:55,11111,4693,58,262,613,0,0,0,0,1,0
19:28:57,11111,4688,66,262,612,0,0,0,0,1,0
19:28:58,11111,4688,66,262,612,0,0,0,20002,1,0
19:28:59,11111,4683,85,262,611,0,0,0,20002,1,0
19:29:00,11111,4683,85,262,611,0,0,0,20002,2,0
19:29:01,11111,4678,108,263,610,0,220,1,20037,2,180
19:29:03,11111,4652,170,263,608,0,220,1,20037,2,180
19:29:04,11111,4652,170,263,608,0,219,1,20037,2,180
19:29:05,11111,4649,175,263,607,0,218,1,20037,2,180
19:29:07,11111,4647,177,264,608,0,216,1,20037,2,180
19:29:09,11111,4646,178,264,609,0,216,1,20037,2,180
19:29:10,11111,4646,178,264,609,0,215,1,20037,2,180
19:29:11,11111,4645,179,264,610,0,214,1,20037,2,180
19:29:12,11111,4645,179,264,610,0,213,1,20037,2,180
19:29:13,11111,4643,179,263,612,0,212,1,20037,2,180
19:29:15,11111,4642,180,264,612,0,210,1,20037,2,180
19:29:17,11111,4640,180,264,612,0,210,1,20037,2,180
19:29:18,11111,4640,180,264,612,0,209,1,20037,2,180
19:29:19,11111,4639,180,263,612,0,208,1,20037,2,180
19:29:20,11111,4639,180,263,612,0,207,1,20037,2,180
19:29:21,11111,4639,181,263,612,0,206,1,20037,2,180
19:29:23,11111,4638,182,263,610,0,205,1,20037,2,180
19:29:24,11111,4638,182,263,610,0,204,1,20037,2,180
19:29:25,11111,4636,182,263,609,0,203,1,20037,2,180
19:29:27,11111,4637,177,263,607,0,201,1,20037,2,180
19:29:29,11111,4640,157,263,606,0,201,1,20037,2,180
19:29:30,11111,4640,157,263,606,0,200,1,20037,2,180
19:29:31,11111,4644,136,263,605,0,200,1,20037,2,180
19:29:32,11111,4644,136,263,605,0,199,1,20037,2,180
19:29:33,11111,4646,122,263,605,0,198,1,20037,2,180
19:29:34,11111,4646,122,263,605,0,197,1,20037,2,180
19:29:35,11111,4646,115,262,605,0,197,1,20037,2,180
19:29:36,11111,4646,115,262,605,0,196,1,20037,2,180
19:29:37,11111,4647,113,262,605,0,196,1,20037,2,180
19:29:38,11111,4647,113,262,605,0,195,1,20037,2,180
19:29:39,11111,4646,113,262,605,0,194,1,20037,2,180
19:29:40,11111,4646,113,262,605,0,193,1,20037,2,180
19:29:41,11111,4646,112,262,605,0,193,1,20037,2,180
19:29:42,11111,4646,112,262,605,0,192,3,20002,2,180
19:29:43,11111,4661,82,262,605,0,191,3,20034,2,180
19:29:44,11111,4661,82,262,605,0,191,1,20002,2,150
19:29:45,11111,4646,106,262,605,0,191,1,20037,2,150
19:29:47,11111,4646,103,261,605,0,190,1,20037,2,150
19:29:48,11111,4646,103,261,605,0,189,1,20037,2,150
19:29:49,11111,4640,131,261,605,0,189,1,20037,2,150
19:29:50,11111,4640,131,261,605,0,188,1,20037,2,150
19:29:51,11111,4641,127,261,605,0,187,1,20037,2,150
19:29:53,11111,4641,124,261,606,0,186,1,20037,2,150
19:29:55,11111,4640,125,261,607,0,185,1,20037,2,150
19:29:56,11111,4640,125,261,607,0,184,1,20037,2,150
19:29:57,11111,4641,126,260,608,0,184,1,20037,2,150
19:29:59,11111,4641,124,260,608,0,183,1,20037,2,150
19:30:00,11111,4641,124,260,608,0,182,1,20037,2,150
19:30:01,11111,4641,124,260,609,0,182,1,20037,2,150
19:30:02,11111,4641,124,260,609,0,181,1,20037,2,150
19:30:03,11111,4640,124,260,610,0,180,1,20037,2,150
19:30:05,11111,4640,124,259,612,0,180,1,20037,2,150
19:30:06,11111,4640,124,259,612,0,178,1,20037,2,150
19:30:07,11111,4641,124,259,614,0,178,1,20037,2,150
19:30:09,11111,4640,124,259,616,0,177,1,20037,2,150
19:30:10,11111,4640,124,259,616,0,176,1,20037,2,150
19:30:11,11111,4641,124,259,617,0,176,1,20037,2,150
19:30:13,11111,4640,125,259,618,0,175,1,20037,2,150
19:30:14,11111,4640,125,259,618,0,174,1,20037,2,150
19:30:15,11111,4640,124,259,618,0,174,1,20037,2,150
19:30:16,11111,4640,124,259,618,0,173,1,20037,2,150
19:30:17,11111,4640,124,259,617,0,173,1,20037,2,150
19:30:19,11111,4640,124,258,617,0,172,1,20037,2,150
19:30:20,11111,4640,124,258,617,0,171,1,20037,2,150
19:30:21,11111,4640,124,258,617,0,171,1,20002,4,150
19:30:22,11111,4640,124,258,617,0,170,1,20002,5,150
19:30:23,11111,4640,124,258,616,0,52616,1,20072,6,150
19:30:24,11111,4640,124,258,616,0,170,1,20037,6,150
19:30:25,11111,4639,125,258,616,0,169,1,20037,6,150
19:30:27,11111,4640,124,258,616,0,168,1,20037,6,150
19:30:28,11111,4640,124,258,616,0,167,1,20037,6,150
19:30:29,11111,4640,124,257,616,0,167,1,20037,6,150
19:30:31,11111,4639,124,257,616,0,166,1,20037,6,150
19:30:33,11111,4640,123,257,616,0,165,1,20037,6,150
19:30:35,11111,4639,124,257,616,0,165,1,20037,6,150
19:30:37,11111,4640,123,257,616,0,164,1,20037,6,150
19:30:39,11111,4639,124,257,617,0,163,1,20037,6,150
